Using pre-set license
Built from '2021.3/staging' branch; Version is '2021.3.16f1 (4016570cf34f) revision 4200023'; Using compiler version '192829333'; Build Type 'Release'
OS: 'Windows 10  (10.0.21996) 64bit Professional' Language: 'en' Physical Memory: 8146 MB
BatchMode: 1, IsHumanControllingUs: 0, StartBugReporterOnCrash: 0, Is64bit: 1, IsPro: 1

COMMAND LINE ARGUMENTS:
C:\Program Files\Unity\Hub\Editor\2021.3.16f1-x86_64\Editor\Unity.exe
-adb2
-batchMode
-noUpm
-name
AssetImportWorker11
-projectPath
D:/Unity/My project
-logFile
Logs/AssetImportWorker11.log
-srvPort
55042
Successfully changed project path to: D:/Unity/My project
D:/Unity/My project
[UnityMemory] Configuration Parameters - Can be set up in boot.config
    "memorysetup-bucket-allocator-granularity=16"
    "memorysetup-bucket-allocator-bucket-count=8"
    "memorysetup-bucket-allocator-block-size=33554432"
    "memorysetup-bucket-allocator-block-count=8"
    "memorysetup-main-allocator-block-size=16777216"
    "memorysetup-thread-allocator-block-size=16777216"
    "memorysetup-gfx-main-allocator-block-size=16777216"
    "memorysetup-gfx-thread-allocator-block-size=16777216"
    "memorysetup-cache-allocator-block-size=4194304"
    "memorysetup-typetree-allocator-block-size=2097152"
    "memorysetup-profiler-bucket-allocator-granularity=16"
    "memorysetup-profiler-bucket-allocator-bucket-count=8"
    "memorysetup-profiler-bucket-allocator-block-size=33554432"
    "memorysetup-profiler-bucket-allocator-block-count=8"
    "memorysetup-profiler-allocator-block-size=16777216"
    "memorysetup-profiler-editor-allocator-block-size=1048576"
    "memorysetup-temp-allocator-size-main=16777216"
    "memorysetup-job-temp-allocator-block-size=2097152"
    "memorysetup-job-temp-allocator-block-size-background=1048576"
    "memorysetup-job-temp-allocator-reduction-small-platforms=262144"
    "memorysetup-temp-allocator-size-background-worker=32768"
    "memorysetup-temp-allocator-size-job-worker=262144"
    "memorysetup-temp-allocator-size-preload-manager=33554432"
    "memorysetup-temp-allocator-size-nav-mesh-worker=65536"
    "memorysetup-temp-allocator-size-audio-worker=65536"
    "memorysetup-temp-allocator-size-cloud-worker=32768"
    "memorysetup-temp-allocator-size-gi-baking-worker=262144"
    "memorysetup-temp-allocator-size-gfx=262144"
Player connection [13136] Host "[IP] 192.168.254.102 [Port] 0 [Flags] 2 [Guid] 379804360 [EditorId] 379804360 [Version] 1048832 [Id] WindowsEditor(7,Denzel) [Debug] 1 [PackageName] WindowsEditor [ProjectName] Editor" joined multi-casting on [225.0.0.222:54997]...

Player connection [13136] Host "[IP] 192.168.254.102 [Port] 0 [Flags] 2 [Guid] 379804360 [EditorId] 379804360 [Version] 1048832 [Id] WindowsEditor(7,Denzel) [Debug] 1 [PackageName] WindowsEditor [ProjectName] Editor" joined alternative multi-casting on [225.0.0.222:34997]...

Refreshing native plugins compatible for Editor in 125.55 ms, found 4 plugins.
Preloading 0 native plugins for Editor in 0.00 ms.
Initialize engine version: 2021.3.16f1 (4016570cf34f)
[Subsystems] Discovering subsystems at path C:/Program Files/Unity/Hub/Editor/2021.3.16f1-x86_64/Editor/Data/Resources/UnitySubsystems
[Subsystems] Discovering subsystems at path D:/Unity/My project/Assets
GfxDevice: creating device client; threaded=0; jobified=0
Direct3D:
    Version:  Direct3D 11.0 [level 11.1]
    Renderer: Radeon RX 570 Series (ID=0x67df)
    Vendor:   ATI
    VRAM:     8170 MB
    Driver:   31.0.12029.4013
Initialize mono
Mono path[0] = 'C:/Program Files/Unity/Hub/Editor/2021.3.16f1-x86_64/Editor/Data/Managed'
Mono path[1] = 'C:/Program Files/Unity/Hub/Editor/2021.3.16f1-x86_64/Editor/Data/MonoBleedingEdge/lib/mono/unityjit-win32'
Mono config path = 'C:/Program Files/Unity/Hub/Editor/2021.3.16f1-x86_64/Editor/Data/MonoBleedingEdge/etc'
Using monoOptions --debugger-agent=transport=dt_socket,embedding=1,server=y,suspend=n,address=127.0.0.1:56452
Begin MonoManager ReloadAssembly
Registering precompiled unity dll's ...
Register platform support module: C:/Program Files/Unity/Hub/Editor/2021.3.16f1-x86_64/Editor/Data/PlaybackEngines/WindowsStandaloneSupport/UnityEditor.WindowsStandalone.Extensions.dll
Registered in 0.058641 seconds.
Native extension for WindowsStandalone target not found
Refreshing native plugins compatible for Editor in 158.41 ms, found 4 plugins.
Preloading 0 native plugins for Editor in 0.00 ms.
Mono: successfully reloaded assembly
- Completed reload, in  1.027 seconds
Domain Reload Profiling:
	ReloadAssembly (1028ms)
		BeginReloadAssembly (108ms)
			ExecutionOrderSort (0ms)
			DisableScriptedObjects (0ms)
			BackupInstance (0ms)
			ReleaseScriptingObjects (0ms)
			CreateAndSetChildDomain (1ms)
		EndReloadAssembly (735ms)
			LoadAssemblies (106ms)
			RebuildTransferFunctionScriptingTraits (0ms)
			SetupTypeCache (206ms)
			ReleaseScriptCaches (0ms)
			RebuildScriptCaches (36ms)
			SetupLoadedEditorAssemblies (421ms)
				LogAssemblyErrors (0ms)
				InitializePlatformSupportModulesInManaged (11ms)
				SetLoadedEditorAssemblies (0ms)
				RefreshPlugins (158ms)
				BeforeProcessingInitializeOnLoad (2ms)
				ProcessInitializeOnLoadAttributes (183ms)
				ProcessInitializeOnLoadMethodAttributes (66ms)
				AfterProcessingInitializeOnLoad (0ms)
				EditorAssembliesLoaded (0ms)
			ExecutionOrderSort2 (0ms)
			AwakeInstancesAfterBackupRestoration (0ms)
Platform modules already initialized, skipping
Registering precompiled user dll's ...
Registered in 0.005464 seconds.
Begin MonoManager ReloadAssembly
Symbol file LoadedFromMemory doesn't match image D:\Unity\My project\Library\PackageCache\com.unity.visualscripting@1.7.8\Editor\VisualScripting.Core\Dependencies\YamlDotNet\Unity.VisualScripting.YamlDotNet.dll
Symbol file LoadedFromMemory doesn't match image D:\Unity\My project\Library\PackageCache\com.unity.visualscripting@1.7.8\Editor\VisualScripting.Core\Dependencies\DotNetZip\Unity.VisualScripting.IonicZip.dll
Native extension for WindowsStandalone target not found
Refreshing native plugins compatible for Editor in 115.67 ms, found 4 plugins.
Preloading 0 native plugins for Editor in 0.00 ms.
Mono: successfully reloaded assembly
- Completed reload, in 14.257 seconds
Domain Reload Profiling:
	ReloadAssembly (14258ms)
		BeginReloadAssembly (173ms)
			ExecutionOrderSort (0ms)
			DisableScriptedObjects (8ms)
			BackupInstance (0ms)
			ReleaseScriptingObjects (0ms)
			CreateAndSetChildDomain (24ms)
		EndReloadAssembly (13015ms)
			LoadAssemblies (11672ms)
			RebuildTransferFunctionScriptingTraits (0ms)
			SetupTypeCache (417ms)
			ReleaseScriptCaches (2ms)
			RebuildScriptCaches (84ms)
			SetupLoadedEditorAssemblies (770ms)
				LogAssemblyErrors (0ms)
				InitializePlatformSupportModulesInManaged (8ms)
				SetLoadedEditorAssemblies (0ms)
				RefreshPlugins (116ms)
				BeforeProcessingInitializeOnLoad (118ms)
				ProcessInitializeOnLoadAttributes (453ms)
				ProcessInitializeOnLoadMethodAttributes (67ms)
				AfterProcessingInitializeOnLoad (7ms)
				EditorAssembliesLoaded (0ms)
			ExecutionOrderSort2 (0ms)
			AwakeInstancesAfterBackupRestoration (9ms)
Platform modules already initialized, skipping
========================================================================
Worker process is ready to serve import requests
Launched and connected shader compiler UnityShaderCompiler.exe after 0.13 seconds
Refreshing native plugins compatible for Editor in 1.77 ms, found 4 plugins.
Preloading 0 native plugins for Editor in 0.00 ms.
Unloading 4045 Unused Serialized files (Serialized files now loaded: 0)
Unloading 44 unused Assets / (229.2 KB). Loaded Objects now: 4495.
Memory consumption went from 150.7 MB to 150.4 MB.
Total: 8.262700 ms (FindLiveObjects: 0.972100 ms CreateObjectMapping: 0.909500 ms MarkObjects: 6.122800 ms  DeleteObjects: 0.257200 ms)

AssetImportParameters requested are different than current active one (requested -> active):
  custom:video-decoder-ogg-theora: a1e56fd34408186e4bbccfd4996cb3dc -> 
  custom:container-muxer-webm: aa71ff27fc2769a1b78a27578f13a17b -> 
  custom:container-demuxer-webm: 4f35f7cbe854078d1ac9338744f61a02 -> 
  custom:video-encoder-webm-vp8: eb34c28f22e8b96e1ab97ce403110664 -> 
  custom:audio-encoder-webm-vorbis: bf7c407c2cedff20999df2af8eb42d56 -> 
  custom:framework-win-MediaFoundation: 216162199b28c13a410421893ffa2e32 -> 
  custom:container-demuxer-ogg: 62fdf1f143b41e24485cea50d1cbac27 -> 
  custom:video-decoder-webm-vp8: 9c59270c3fd7afecdb556c50c9e8de78 -> 
  custom:audio-decoder-ogg-vorbis: bf7c407c2cedff20999df2af8eb42d56 -> 
========================================================================
Received Import Request.
  Time since last request: 15512.492654 seconds.
  path: Assets/cal.png
  artifactKey: Guid(594d73f069515b54c8f9e5e412143c6a) Importer(815301076,1909f56bfc062723c751e8b465ee728b)
Start importing Assets/cal.png using Guid(594d73f069515b54c8f9e5e412143c6a) Importer(815301076,1909f56bfc062723c751e8b465ee728b)  -> (artifact id: '8a1d08d136c424034c3a514381b6dd37') in 1.130106 seconds 
========================================================================
Received Import Request.
  Time since last request: 1493.791958 seconds.
  path: Assets/ed.png
  artifactKey: Guid(c1c179ea0e5d7554ebd8c2825f9f6f44) Importer(815301076,1909f56bfc062723c751e8b465ee728b)
Start importing Assets/ed.png using Guid(c1c179ea0e5d7554ebd8c2825f9f6f44) Importer(815301076,1909f56bfc062723c751e8b465ee728b)  -> (artifact id: '009f1d5b6237ab1dd857ba600917e294') in 0.895826 seconds 
========================================================================
Received Import Request.
  Time since last request: 106.127071 seconds.
  path: Assets/ed.png
  artifactKey: Guid(c1c179ea0e5d7554ebd8c2825f9f6f44) Importer(815301076,1909f56bfc062723c751e8b465ee728b)
Start importing Assets/ed.png using Guid(c1c179ea0e5d7554ebd8c2825f9f6f44) Importer(815301076,1909f56bfc062723c751e8b465ee728b)  -> (artifact id: 'a8d23ec23f373d68eb398f18f34193a5') in 0.597502 seconds 
========================================================================
Received Import Request.
  Time since last request: 28.888284 seconds.
  path: Assets/ed.png
  artifactKey: Guid(c1c179ea0e5d7554ebd8c2825f9f6f44) Importer(815301076,1909f56bfc062723c751e8b465ee728b)
Start importing Assets/ed.png using Guid(c1c179ea0e5d7554ebd8c2825f9f6f44) Importer(815301076,1909f56bfc062723c751e8b465ee728b)  -> (artifact id: '632ac9830f2c93725fdf1f3e545ea0ed') in 1.127003 seconds 
========================================================================
Received Import Request.
  Time since last request: 757.806277 seconds.
  path: Assets/otlum.png
  artifactKey: Guid(f6169dd97a729394aa515260ec59d1b4) Importer(815301076,1909f56bfc062723c751e8b465ee728b)
Start importing Assets/otlum.png using Guid(f6169dd97a729394aa515260ec59d1b4) Importer(815301076,1909f56bfc062723c751e8b465ee728b)  -> (artifact id: '19a3d59ae26892dedc080b90b874cf5d') in 0.556298 seconds 
========================================================================
Received Import Request.
  Time since last request: 16.133846 seconds.
  path: Assets/otlum.png
  artifactKey: Guid(f6169dd97a729394aa515260ec59d1b4) Importer(815301076,1909f56bfc062723c751e8b465ee728b)
Start importing Assets/otlum.png using Guid(f6169dd97a729394aa515260ec59d1b4) Importer(815301076,1909f56bfc062723c751e8b465ee728b)  -> (artifact id: '9bcfc2d0479d5b0f92a83ad01f2521d9') in 4.297361 seconds 
========================================================================
Received Import Request.
  Time since last request: 5.395183 seconds.
  path: Assets/otlum.png
  artifactKey: Guid(f6169dd97a729394aa515260ec59d1b4) Importer(815301076,1909f56bfc062723c751e8b465ee728b)
Start importing Assets/otlum.png using Guid(f6169dd97a729394aa515260ec59d1b4) Importer(815301076,1909f56bfc062723c751e8b465ee728b)  -> (artifact id: '1d5b7888bbf10d5faacc9f7df6f7eeae') in 1.065918 seconds 
========================================================================
Received Import Request.
  Time since last request: 759.345743 seconds.
  path: Assets/yasmin.png
  artifactKey: Guid(fec4e5180665cda4cb9b42ba8574322a) Importer(815301076,1909f56bfc062723c751e8b465ee728b)
Start importing Assets/yasmin.png using Guid(fec4e5180665cda4cb9b42ba8574322a) Importer(815301076,1909f56bfc062723c751e8b465ee728b)  -> (artifact id: 'caf8c5d186b701988ac711d53b20836f') in 8.508974 seconds 
========================================================================
Received Import Request.
  Time since last request: 0.000787 seconds.
  path: Assets/yasmin.png
  artifactKey: Guid(fec4e5180665cda4cb9b42ba8574322a) Importer(815301076,1909f56bfc062723c751e8b465ee728b)
Start importing Assets/yasmin.png using Guid(fec4e5180665cda4cb9b42ba8574322a) Importer(815301076,1909f56bfc062723c751e8b465ee728b)  -> (artifact id: 'caf8c5d186b701988ac711d53b20836f') in 0.083227 seconds 
========================================================================
Received Import Request.
  Time since last request: 11.035443 seconds.
  path: Assets/yasmin.png
  artifactKey: Guid(fec4e5180665cda4cb9b42ba8574322a) Importer(815301076,1909f56bfc062723c751e8b465ee728b)
Start importing Assets/yasmin.png using Guid(fec4e5180665cda4cb9b42ba8574322a) Importer(815301076,1909f56bfc062723c751e8b465ee728b)  -> (artifact id: 'cb108c87d26f5fbf05c3be4e5e353bdc') in 0.424378 seconds 
